<?xml version="1.0" encoding="UTF-8"?>
<!-- Generated by org.testng.reporters.JUnitReportReporter -->
<testsuite hostname="DESKTOP-5N1343V" failures="0" tests="1" name="tuto.eclipse.testCases.TestBookingJAL1" time="12.009" errors="0" timestamp="04 juin 2019 11:50:43 GMT" skipped="0">
  <testcase classname="tuto.eclipse.testCases.TestBookingJAL1" name="testBooking1" time="12.009"/>
</testsuite> <!-- tuto.eclipse.testCases.TestBookingJAL1 -->
