<?xml version="1.0" encoding="UTF-8"?>
<!-- Generated by org.testng.reporters.JUnitReportReporter -->
<testsuite hostname="DESKTOP-5N1343V" failures="0" tests="2" name="tuto.eclipse.jal.selenium.ng.TestBookingNG" time="15.171" errors="0" timestamp="03 juin 2019 13:37:09 GMT" skipped="0">
  <testcase classname="tuto.eclipse.jal.selenium.ng.TestBookingNG" name="verifyHomepageTitle" time="1.396"/>
  <testcase classname="tuto.eclipse.jal.selenium.ng.TestBookingNG" name="verifyWeFindFlights" time="13.775"/>
</testsuite> <!-- tuto.eclipse.jal.selenium.ng.TestBookingNG -->
